<?xml version="1.0" encoding="UTF-8"?>
<!-- Generated by org.testng.reporters.JUnitReportReporter -->
<testsuite skipped="0" hostname="ip-172-31-70-54" name="test.LoginTest" tests="1" failures="0" timestamp="2021-06-19T06:37:32 UTC" time="5.748" errors="0">
  <testcase name="test1" time="5.748" classname="test.LoginTest"/>
  <system-out/>
</testsuite> <!-- test.LoginTest -->
