<?xml version="1.0" encoding="UTF-8"?>
<!-- Generated by org.testng.reporters.JUnitReportReporter -->
<testsuite skipped="0" hostname="ip-172-31-70-54" name="test.Testcase2" tests="3" failures="0" timestamp="2021-06-19T07:16:22 UTC" time="0.002" errors="0">
  <testcase name="HomePageTest" time="0.001" classname="test.Testcase2"/>
  <system-out/>
  <testcase name="HomePageTest2" time="0.001" classname="test.Testcase2"/>
  <system-out/>
  <testcase name="HomePageTest3" time="0.000" classname="test.Testcase2"/>
  <system-out/>
</testsuite> <!-- test.Testcase2 -->
