<?xml version="1.0" encoding="UTF-8"?>
<!-- Generated by org.testng.reporters.JUnitReportReporter -->
<testsuite skipped="0" hostname="ip-172-31-70-54" name="shoppingTest.Testcase1" tests="2" failures="0" timestamp="2021-06-20T06:57:28 UTC" time="0.692" errors="0">
  <testcase name="Login" time="0.396" classname="shoppingTest.Testcase1"/>
  <system-out/>
  <testcase name="addToCart" time="0.296" classname="shoppingTest.Testcase1"/>
  <system-out/>
</testsuite> <!-- shoppingTest.Testcase1 -->
