<?xml version="1.0" encoding="UTF-8"?>
<!-- Generated by org.testng.reporters.JUnitReportReporter -->
<testsuite skipped="0" hostname="ip-172-31-70-54" name="test.LoginTest" tests="1" failures="0" timestamp="2021-06-20T03:56:08 UTC" time="5.524" errors="0">
  <testcase name="Login" time="5.524" classname="test.LoginTest"/>
  <system-out/>
</testsuite> <!-- test.LoginTest -->
