<?xml version="1.0" encoding="UTF-8"?>
<!-- Generated by org.testng.reporters.JUnitReportReporter -->
<testsuite skipped="0" hostname="ip-172-31-70-54" name="test.Testcase1" tests="2" failures="0" timestamp="2021-06-19T06:06:58 UTC" time="0.010" errors="0">
  <testcase name="SignUpTest" time="0.001" classname="test.Testcase1"/>
  <system-out/>
  <testcase name="RandomName" time="0.009" classname="test.Testcase1"/>
  <system-out/>
</testsuite> <!-- test.Testcase1 -->
